#
# There is insufficient memory for the Java Runtime Environment to continue.
# Native memory allocation (mmap) failed to map 1073741824 bytes. Error detail: G1 virtual space
# Possible reasons:
#   The system is out of physical RAM or swap space
#   This process is running with CompressedOops enabled, and the Java Heap may be blocking the growth of the native heap
# Possible solutions:
#   Reduce memory load on the system
#   Increase physical memory or swap space
#   Check if swap backing store is full
#   Decrease Java heap size (-Xmx/-Xms)
#   Decrease number of Java threads
#   Decrease Java thread stack sizes (-Xss)
#   Set larger code cache with -XX:ReservedCodeCacheSize=
#   JVM is running with Zero Based Compressed Oops mode in which the Java heap is
#     placed in the first 32GB address space. The Java Heap base address is the
#     maximum limit for the native heap growth. Please use -XX:HeapBaseMinAddress
#     to set the Java Heap base and to place the Java Heap above 32GB virtual address.
# This output file may be truncated or incomplete.
#
#  Out of Memory Error (os_windows.cpp:3631), pid=56548, tid=66328
#
# JRE version:  (22.0.2+9) (build )
# Java VM: OpenJDK 64-Bit Server VM (22.0.2+9-70, mixed mode, sharing, tiered, compressed oops, compressed class ptrs, g1 gc, windows-amd64)
# No core dump will be written. Minidumps are not enabled by default on client versions of Windows
#

---------------  S U M M A R Y ------------

Command Line: -javaagent:C:\Users\Delsart\AppData\Local\Programs\IntelliJ IDEA Community Edition\lib\idea_rt.jar=63210:C:\Users\Delsart\AppData\Local\Programs\IntelliJ IDEA Community Edition\bin -Dfile.encoding=UTF-8 -Dsun.stdout.encoding=UTF-8 -Dsun.stderr.encoding=UTF-8 org.example.MainKt

Host: 13th Gen Intel(R) Core(TM) i9-13900HX, 32 cores, 63G,  Windows 11 , 64 bit Build 22621 (10.0.22621.3958)
Time: Thu Feb 13 16:46:08 2025  Windows 11 , 64 bit Build 22621 (10.0.22621.3958) elapsed time: 0.011113 seconds (0d 0h 0m 0s)

---------------  T H R E A D  ---------------

Current thread (0x000001903112d730):  JavaThread "Unknown thread" [_thread_in_vm, id=66328, stack(0x0000002dcfe00000,0x0000002dcff00000) (1024K)]

Stack: [0x0000002dcfe00000,0x0000002dcff00000]
Native frames: (J=compiled Java code, j=interpreted, Vv=VM code, C=native code)
V  [jvm.dll+0x6e26e9]  (no source info available)
V  [jvm.dll+0x875753]  (no source info available)
V  [jvm.dll+0x877b7e]  (no source info available)
V  [jvm.dll+0x878253]  (no source info available)
V  [jvm.dll+0x27fc86]  (no source info available)
V  [jvm.dll+0x6ded85]  (no source info available)
V  [jvm.dll+0x6d388a]  (no source info available)
V  [jvm.dll+0x358b8a]  (no source info available)
V  [jvm.dll+0x3610b6]  (no source info available)
V  [jvm.dll+0x3b419e]  (no source info available)
V  [jvm.dll+0x3b4448]  (no source info available)
V  [jvm.dll+0x32c5ec]  (no source info available)
V  [jvm.dll+0x32d258]  (no source info available)
V  [jvm.dll+0x83d5ac]  (no source info available)
V  [jvm.dll+0x3c10d1]  (no source info available)
V  [jvm.dll+0x8264cc]  (no source info available)
V  [jvm.dll+0x45bd5e]  (no source info available)
V  [jvm.dll+0x45dbe1]  (no source info available)
C  [jli.dll+0x52a3]  (no source info available)
C  [ucrtbase.dll+0x29333]  (no source info available)
C  [KERNEL32.DLL+0x1257d]  (no source info available)
C  [ntdll.dll+0x5af28]  (no source info available)


---------------  P R O C E S S  ---------------

Threads class SMR info:
_java_thread_list=0x00007ff9aa5dc1c8, length=0, elements={
}

Java Threads: ( => current thread )
Total: 0

Other Threads:
  0x00000190498104d0 WorkerThread "GC Thread#0"                     [id=62096, stack(0x0000002dcff00000,0x0000002dd0000000) (1024K)]
  0x00000190311aab30 ConcurrentGCThread "G1 Main Marker"            [id=81844, stack(0x0000002dd0000000,0x0000002dd0100000) (1024K)]
  0x00000190311abcf0 WorkerThread "G1 Conc#0"                       [id=59336, stack(0x0000002dd0100000,0x0000002dd0200000) (1024K)]

[error occurred during error reporting (printing all threads), id 0xc0000005, EXCEPTION_ACCESS_VIOLATION (0xc0000005) at pc=0x00007ff9a9d2f517]
VM state: not at safepoint (not fully initialized)

VM Mutex/Monitor currently owned by a thread:  ([mutex/lock_event])
[0x00007ff9aa65cc80] Heap_lock - owner thread: 0x000001903112d730

Heap address: 0x0000000403000000, size: 16336 MB, Compressed Oops mode: Zero based, Oop shift amount: 3

CDS archive(s) mapped at: [0x0000000000000000-0x0000000000000000-0x0000000000000000), size 0, SharedBaseAddress: 0x0000000800000000, ArchiveRelocationMode: 1.
Narrow klass base: 0x0000000000000000, Narrow klass shift: 0, Narrow klass range: 0x0

GC Precious Log:
 CardTable entry size: 512
 Card Set container configuration: InlinePtr #cards 4 size 8 Array Of Cards #cards 64 size 144 Howl #buckets 8 coarsen threshold 14745 Howl Bitmap #cards 2048 size 272 coarsen threshold 1843 Card regions per heap region 1 cards per card region 16384

Heap:
 garbage-first heap   total reserved 16728064K, committed 0K, used 0K [0x0000000403000000, 0x0000000800000000)
  region size 8192K, 0 young (0K), 0 survivors (0K)

[error occurred during error reporting (printing heap information), id 0xc0000005, EXCEPTION_ACCESS_VIOLATION (0xc0000005) at pc=0x00007ff9aa12e869]
GC Heap History (0 events):
No events

Dll operation events (1 events):
Event: 0.008 Loaded shared library C:\Users\Delsart\.jdks\openjdk-22.0.2\bin\java.dll

Deoptimization events (0 events):
No events

Classes loaded (0 events):
No events

Classes unloaded (0 events):
No events

Classes redefined (0 events):
No events

Internal exceptions (0 events):
No events

ZGC Phase Switch (0 events):
No events

VM Operations (0 events):
No events

Memory protections (0 events):
No events

Nmethod flushes (0 events):
No events

Events (0 events):
No events


Dynamic libraries:
0x00007ff6f4850000 - 0x00007ff6f485e000 	C:\Users\Delsart\.jdks\openjdk-22.0.2\bin\java.exe
0x00007ffabb030000 - 0x00007ffabb247000 	C:\Windows\SYSTEM32\ntdll.dll
0x00007ffab9fc0000 - 0x00007ffaba084000 	C:\Windows\System32\KERNEL32.DLL
0x00007ffab87d0000 - 0x00007ffab8b7d000 	C:\Windows\System32\KERNELBASE.dll
0x00007ffab8380000 - 0x00007ffab8491000 	C:\Windows\System32\ucrtbase.dll
0x00007ffaabc70000 - 0x00007ffaabc87000 	C:\Users\Delsart\.jdks\openjdk-22.0.2\bin\jli.dll
0x00007ffaad640000 - 0x00007ffaad65b000 	C:\Users\Delsart\.jdks\openjdk-22.0.2\bin\VCRUNTIME140.dll
0x00007ffab8da0000 - 0x00007ffab8f4e000 	C:\Windows\System32\USER32.dll
0x00007ffab8350000 - 0x00007ffab8376000 	C:\Windows\System32\win32u.dll
0x00007ffaba570000 - 0x00007ffaba599000 	C:\Windows\System32\GDI32.dll
0x00007ffaa5540000 - 0x00007ffaa57d3000 	C:\Windows\WinSxS\amd64_microsoft.windows.common-controls_6595b64144ccf1df_6.0.22621.3672_none_2713b9d173822955\COMCTL32.dll
0x00007ffab8610000 - 0x00007ffab8729000 	C:\Windows\System32\gdi32full.dll
0x00007ffab8730000 - 0x00007ffab87ca000 	C:\Windows\System32\msvcp_win.dll
0x00007ffab93f0000 - 0x00007ffab9497000 	C:\Windows\System32\msvcrt.dll
0x00007ffab8d60000 - 0x00007ffab8d91000 	C:\Windows\System32\IMM32.DLL
0x00007ffaadc90000 - 0x00007ffaadc9c000 	C:\Users\Delsart\.jdks\openjdk-22.0.2\bin\vcruntime140_1.dll
0x00007ffa7eb60000 - 0x00007ffa7ebee000 	C:\Users\Delsart\.jdks\openjdk-22.0.2\bin\msvcp140.dll
0x00007ff9a99f0000 - 0x00007ff9aa739000 	C:\Users\Delsart\.jdks\openjdk-22.0.2\bin\server\jvm.dll
0x00007ffab94b0000 - 0x00007ffab9562000 	C:\Windows\System32\ADVAPI32.dll
0x00007ffaba090000 - 0x00007ffaba139000 	C:\Windows\System32\sechost.dll
0x00007ffab8cb0000 - 0x00007ffab8cd8000 	C:\Windows\System32\bcrypt.dll
0x00007ffaba190000 - 0x00007ffaba2a4000 	C:\Windows\System32\RPCRT4.dll
0x00007ffab9570000 - 0x00007ffab95e1000 	C:\Windows\System32\WS2_32.dll
0x00007ffab71a0000 - 0x00007ffab71ed000 	C:\Windows\SYSTEM32\POWRPROF.dll
0x00007ffaa7890000 - 0x00007ffaa789a000 	C:\Windows\SYSTEM32\VERSION.dll
0x00007ffab23e0000 - 0x00007ffab2414000 	C:\Windows\SYSTEM32\WINMM.dll
0x00007ffab7180000 - 0x00007ffab7193000 	C:\Windows\SYSTEM32\UMPDC.dll
0x00007ffab7430000 - 0x00007ffab7448000 	C:\Windows\SYSTEM32\kernel.appcore.dll
0x00007ffaad630000 - 0x00007ffaad63a000 	C:\Users\Delsart\.jdks\openjdk-22.0.2\bin\jimage.dll
0x00007ffab5700000 - 0x00007ffab5932000 	C:\Windows\SYSTEM32\DBGHELP.DLL
0x00007ffab9870000 - 0x00007ffab9bfd000 	C:\Windows\System32\combase.dll
0x00007ffab9c10000 - 0x00007ffab9ce7000 	C:\Windows\System32\OLEAUT32.dll
0x00007ffa87690000 - 0x00007ffa876c2000 	C:\Windows\SYSTEM32\dbgcore.DLL
0x00007ffab8ce0000 - 0x00007ffab8d5b000 	C:\Windows\System32\bcryptPrimitives.dll
0x00007ffaac050000 - 0x00007ffaac05f000 	C:\Users\Delsart\.jdks\openjdk-22.0.2\bin\instrument.dll
0x00007ffaaba70000 - 0x00007ffaaba8e000 	C:\Users\Delsart\.jdks\openjdk-22.0.2\bin\java.dll
0x00007ffaba5a0000 - 0x00007ffabae08000 	C:\Windows\System32\SHELL32.dll
0x00007ffab9cf0000 - 0x00007ffab9e95000 	C:\Windows\System32\ole32.dll

dbghelp: loaded successfully - version: 4.0.5 - missing functions: none
symbol engine: initialized successfully - sym options: 0x614 - pdb path: .;C:\Users\Delsart\.jdks\openjdk-22.0.2\bin;C:\Windows\SYSTEM32;C:\Windows\WinSxS\amd64_microsoft.windows.common-controls_6595b64144ccf1df_6.0.22621.3672_none_2713b9d173822955;C:\Users\Delsart\.jdks\openjdk-22.0.2\bin\server

VM Arguments:
jvm_args: -javaagent:C:\Users\Delsart\AppData\Local\Programs\IntelliJ IDEA Community Edition\lib\idea_rt.jar=63210:C:\Users\Delsart\AppData\Local\Programs\IntelliJ IDEA Community Edition\bin -Dfile.encoding=UTF-8 -Dsun.stdout.encoding=UTF-8 -Dsun.stderr.encoding=UTF-8 
java_command: org.example.MainKt
java_class_path (initial): E:\Projects\GuiXuDB\build\classes\kotlin\main;C:\Users\Delsart\.gradle\caches\modules-2\files-2.1\org.jetbrains.kotlin\kotlin-stdlib\2.1.20-Beta2\98e06078584a3b816315d9baee83d04022f3271c\kotlin-stdlib-2.1.20-Beta2.jar;C:\Users\Delsart\.gradle\caches\modules-2\files-2.1\org.jetbrains.kotlinx\kotlinx-serialization-protobuf-jvm\1.8.0\cfc3bc5a3c066d3aa21b92e1f5f5c52d48994f02\kotlinx-serialization-protobuf-jvm-1.8.0.jar;C:\Users\Delsart\.gradle\caches\modules-2\files-2.1\org.jetbrains.kotlinx\kotlinx-io-core-jvm\0.6.0\f1d1e496fe0c6937fdb7509442b7f3e613d345d4\kotlinx-io-core-jvm-0.6.0.jar;C:\Users\Delsart\.gradle\caches\modules-2\files-2.1\org.jetbrains.kotlinx\kotlinx-coroutines-core-jvm\1.10.1\fe066928754beda3d59c8282e04289546465a360\kotlinx-coroutines-core-jvm-1.10.1.jar;C:\Users\Delsart\.gradle\caches\modules-2\files-2.1\org.jetbrains\annotations\23.0.0\8cc20c07506ec18e0834947b84a864bfc094484e\annotations-23.0.0.jar;C:\Users\Delsart\.gradle\caches\modules-2\files-2.1\org.jetbrains.kotlinx\kotlinx-serialization-core-jvm\1.8.0\fe5bb37ab4a3771f14c63e0c333c98bdfeb1d7cc\kotlinx-serialization-core-jvm-1.8.0.jar;C:\Users\Delsart\.gradle\caches\modules-2\files-2.1\org.jetbrains.kotlinx\kotlinx-io-bytestring-jvm\0.6.0\bb3104eef13622362179216566db2ea6a4e7ed64\kotlinx-io-bytestring-jvm-0.6.0.jar;C:\Users\Delsart\.gradle\caches\modules-2\files-2.1\org.jetbrains.kotlinx\kotlinx-coroutines-core-jvm\1.8.0\ac1dc37a30a93150b704022f8d895ee1bd3a36b3\kotlinx-coroutines-core-jvm-1.8.0.jar
Launcher Type: SUN_STANDARD

[Global flags]
     intx CICompilerCount                          = 15                                        {product} {ergonomic}
     uint ConcGCThreads                            = 6                                         {product} {ergonomic}
     uint G1ConcRefinementThreads                  = 23                                        {product} {ergonomic}
   size_t G1HeapRegionSize                         = 8388608                                   {product} {ergonomic}
   size_t InitialHeapSize                          = 1073741824                                {product} {ergonomic}
   size_t MarkStackSize                            = 4194304                                   {product} {ergonomic}
   size_t MaxHeapSize                              = 17129537536                               {product} {ergonomic}
   size_t MinHeapDeltaBytes                        = 8388608                                   {product} {ergonomic}
   size_t MinHeapSize                              = 8388608                                   {product} {ergonomic}
    uintx NonNMethodCodeHeapSize                   = 8192380                                {pd product} {ergonomic}
    uintx NonProfiledCodeHeapSize                  = 121732930                              {pd product} {ergonomic}
    uintx ProfiledCodeHeapSize                     = 121732930                              {pd product} {ergonomic}
    uintx ReservedCodeCacheSize                    = 251658240                              {pd product} {ergonomic}
     bool SegmentedCodeCache                       = true                                      {product} {ergonomic}
   size_t SoftMaxHeapSize                          = 17129537536                            {manageable} {ergonomic}
     bool UseCompressedOops                        = true                           {product lp64_product} {ergonomic}
     bool UseG1GC                                  = true                                      {product} {ergonomic}
     bool UseLargePagesIndividualAllocation        = false                                  {pd product} {ergonomic}

Logging:
Log output configuration:
 #0: stdout all=warning uptime,level,tags foldmultilines=false
 #1: stderr all=off uptime,level,tags foldmultilines=false

Environment Variables:
JAVA_HOME=C:\Program Files\Android\Android Studio\jbr
PATH=C:\Program Files (x86)\Common Files\Intel\Shared Libraries\redist\intel64\compiler;C:\Program Files\Common Files\Oracle\Java\javapath;C:\Windows\system32;C:\Windows;C:\Windows\System32\Wbem;C:\Windows\System32\WindowsPowerShell\v1.0\;C:\Windows\System32\OpenSSH\;C:\Program Files (x86)\NVIDIA Corporation\PhysX\Common;C:\Program Files\dotnet\;C:\Android;C:\Program Files\Android\Android Studio\jbr\bin;C:\Users\Delsart\AppData\Local\Android\Sdk;C:\Program Files\Git\cmd;C:\Program Files\NVIDIA Corporation\NVIDIA app\NvDLISR;C:\Users\Delsart\AppData\Local\Programs\Python\Python312\Scripts\;C:\Users\Delsart\AppData\Local\Programs\Python\Python312\;C:\Users\Delsart\AppData\Local\Programs\Python\Python311\Scripts\;C:\Users\Delsart\AppData\Local\Programs\Python\Python311\;C:\Users\Delsart\AppData\Local\Microsoft\WindowsApps;D:\Microsoft VS Code\bin;C:\Users\Delsart\AppData\Local\JetBrains\Toolbox\scripts
USERNAME=Delsart
OS=Windows_NT
PROCESSOR_IDENTIFIER=Intel64 Family 6 Model 183 Stepping 1, GenuineIntel
TMP=C:\Users\Delsart\AppData\Local\Temp
TEMP=C:\Users\Delsart\AppData\Local\Temp




Periodic native trim disabled

---------------  S Y S T E M  ---------------

OS:
 Windows 11 , 64 bit Build 22621 (10.0.22621.3958)
OS uptime: 17 days 1:55 hours
Hyper-V role detected

CPU: total 32 (initial active 32) (16 cores per cpu, 2 threads per core) family 6 model 183 stepping 1 microcode 0x125, cx8, cmov, fxsr, ht, mmx, 3dnowpref, sse, sse2, sse3, ssse3, sse4.1, sse4.2, popcnt, lzcnt, tsc, tscinvbit, avx, avx2, aes, erms, clmul, bmi1, bmi2, adx, sha, fma, vzeroupper, clflush, clflushopt, clwb, hv, serialize, rdtscp, rdpid, fsrm, f16c, cet_ibt, cet_ss
Processor Information for all 32 processors :
  Max Mhz: 2200, Current Mhz: 2200, Mhz Limit: 2200

Memory: 4k page, system-wide physical 65343M (14387M free)
TotalPageFile size 65343M (AvailPageFile size 827M)
current process WorkingSet (physical memory assigned to process): 13M, peak: 13M
current process commit charge ("private bytes"): 92M, peak: 1116M

vm_info: OpenJDK 64-Bit Server VM (22.0.2+9-70) for windows-amd64 JRE (22.0.2+9-70), built on 2024-06-04T16:52:23Z by "mach5one" with MS VC++ 17.6 (VS2022)

END.
